Microsoft HTML Help Compiler 4.74.8702

Compiling c:\Users\Keith\Desktop\help-menu_tmphhp\help-menu.chm

IntroducingYourProduct.html
FileMenu.html
EditMenu.html
ToolsMenu.html
WindowMenu.html
help-menu.hhc
help-menu.hhk
FileMenu1.PNG
EditMenu1.PNG
EditMenu2.PNG
EditMenu3.PNG
EditMenu4.PNG
ToolsMenu1.PNG
ToolsMenu2.PNG
WindowMenu1.PNG
WindowMenu2.PNG
WindowMenu3.PNG
hm.css

Compile time: 0 minutes, 2 seconds
7	Topics
33	Local links
0	Internet links
10	Graphics


Created c:\Users\Keith\Desktop\help-menu_tmphhp\help-menu.chm, 308,631 bytes
Compression decreased file by 264,630 bytes.
